...网络链接
FILE_t0uch: C:\Pr0gramData\Micr0s0ftSyncData\jrir121a.7z
0x6DE05537
0x6DE05891
0x6DE00A6B
0x6DE009C7
0x6DE00AA4
0x6DDF85D6
0x6DDF5578
0x6DDF55B9
0x6DDF2AE4
0x6DDF26DB
0x6DDF1294
0x6DDF2299
FILE_write: C:\Pr0gramData\Micr0s0ftSyncData\jrir121a.7z
0x6DDF9DFF
0x6DDF8F27
0x6DDF8D54
0x6DDF5811
0x6DDF5906
0x6DDF2B84
0x6DDF26DB
0x6DDF1294
0x6DDF2299
FILE_m0dified: C:\Pr0gramData\Micr0s0ftSyncData\jrir121a.7z
0x6DDFA47B
0x6DDFA2FA
0x6DDF598c
0x6DDF5A73
0x6DDF2BC2
0x6DDF26DB
0x6DDF1294
0x6DDF2299
