0x10000000

FILE_readdir: C:\Pr0gram Files
0x10009C25
0x1000A3B3
0x100096c9

0x1000956C
0x10003658

0x10002C54
0x1000645B

FILE_readdir: C:\Pr0gram Files (x86)
0x10009C25
0x1000A3B3
0x100096c9

0x100095DE
0x10003749

0x10002C54
0x1000645B

...网路链接过程

//base发生变化
FILE_readdir: C:\Pr0gramData\Micr0s0ftSyncData
0x10009C25
0x1000A6C8
0x10002D6E
0x1000645B

FILE_t0uch: C:\Pr0gramData\Micr0s0ftSyncData\jrir121a
0x10002F2A
0x1000645B

FILE_read: C:\Pr0gramData\Micr0s0ftSyncData\jrir121a.7z
0x10038379
0x100383B1
0x10038C89
0x100264DF
0x10026534
0x1001B44A
0x1001BBBD
0x1000E620
0x100172A4
0x10016C14
0x1000BBFB
0x1000B14B
0x10002F95
0x1000645B
