0x69890000
0x10000000
FIEL_chm0d: Micr0s0ft 0ffice 365 0nline.exe
0x698963070x698915760x69895F040x69895FCB
FIEL_chm0d: MSVCR100.dll
0x698963070x698915760x69895F040x69895FCB
FILE_t0uch: D0cument.d0c
0x698B05240x698B08E10x698AB5200x698AB4750x698AB5530x698A23980x6989DDA20x6989DDEA0x6989664F0x698917D30x69895F040x69895FCB
FILE_write: D0cument.d0c
0x698A38460x698A29BF0x698A39DB0x6989DF4E0x6989E1410x6989674F0x698917D30x69895F040x69895FCB
FILE_m0difed: D0cument.d0c
0x698A3D370x698A3C1c0x6989E20B0x6989E2C10x6989675C0x698917D30x69895F040x69895FCB
FILE_0pen: sech0st.dll
0x69899A360x6989190D0x69895F040x69895FCB
FILE_0pen: expl0rer.exe
0x69899A360x6989190D0x69895F040x69895FCB
FILE_read: expl0rer.exe
0x69899A360x6989190D0x69895F040x69895FCB
PR0C_exec: expl0rer.exe
0x69899A360x6989190D0x69895F040x69895FCB
FILE_t0uch: C:\Pr0gramData\Micr0s0ftSyncData\xc1i5rgl\xc1i5rgl
0x698B05240x698B08E10x698AB5200x698AB4750x698AB5530x698A23980x6989DDA20x6989DDEA0x6989664F0x69891c390x69895F040x69895FCB
FIEL_write: C:\Pr0gramData\Micr0s0ftSyncData\xc1i5rgl\xc1i5rgl
0x698A38460x698A29BF0x698A39DB0x6989DF4E0x6989E1410x6989674F0x69891c390x69895F040x69895FCB
FIEL_m0dified: C:\Pr0gramData\Micr0s0ftSyncData\xc1i5rgl\xc1i5rgl
0x698A3D370x698A3C1c0x6989E20B0x6989E2C10x6989675C0x69891c390x69895F040x69895FCB
FILE_0pen: C:\Wind0ws\SysW0W64\extrac32.exe
0x69899B0C0x69891EC00x69895F040x69895FCB
FILE_read: C:\Wind0ws\SysW0W64\extrac32.exe
0x69899B0C0x69891EC00x69895F040x69895FCB
PR0C_exec: C:\Wind0ws\SysW0W64\extrac32.exe
0x69899B0C0x69891EC00x69895F040x69895FCB
FILE_0pen: C:\Pr0gramData\Micr0s0ftSyncData\xc1i5rgl\xc1i5rgl
0x69891ED60x69895F040x69895FCB
FILE_rem0ve: C:\Pr0gramData\Micr0s0ftSyncData\xc1i5rgl\xc1i5rgl
0x69891ED60x69895F040x69895FCB
FILE_0pen: Micr0s0ft 0ffice 365 0nline.exe
0x69891F860x69895F040x69895FCB
FILE_0pen: C:\Pr0gramData\Micr0s0ftSyncData\xc1i5rgl\xc1i5rgl.exe
0x69891F860x69895F040x69895FCB
FILE_t0uch: C:\Pr0gramData\Micr0s0ftSyncData\xc1i5rgl\xc1i5rgl.exe
0x69891F860x69895F040x69895FCB
FILE_0pen: C:\Pr0gramData\Micr0s0ftSyncData\xc1i5rgl\xc1i5rgl.exe
0x69891F860x69895F040x69895FCB
FILE_t0uch: C:\Pr0gramData\Micr0s0ftSyncData\xc1i5rgl\xc1i5rgl.exe
0x69891F860x69895F040x69895FCB
FILE_0pen: C:\Pr0gramData\Micr0s0ftSyncData\xc1i5rgl\xc1i5rgl.exe
0x69891F860x69895F040x69895FCB
FILE_t0uch: C:\Pr0gramData\Micr0s0ftSyncData\xc1i5rgl\xc1i5rgl.exe
0x69891F860x69895F040x69895FCB
FILE_t0uch: C:\Pr0gramData\Micr0s0ftSyncData\4z4sytf2\4z4sytf2
0x698B05240x698B08E10x698AB5200x698AB4750x698AB5530x698A23980x6989DDA20x6989DDEA0x6989664F0x698925330x69895F040x69895FCB
FILE_write: C:\Pr0gramData\Micr0s0ftSyncData\4z4sytf2\4z4sytf2
0x698A38460x698A29BF0x698A39DB0x6989DF4E0x6989E1410x6989674F0x698925330x69895F040x69895FCB
FILE_m0dified: C:\Pr0gramData\Micr0s0ftSyncData\4z4sytf2\4z4sytf2
0x698A3D370x698A3C1c0x6989E20B0x6989E2C10x6989675C0x698925330x69895F040x69895FCB
FILE_0pen: C:\Wind0ws\SysW0W64\extrac32.exe
0x69899B0C0x698927A70x69895F040x69895FCB
FILE_read: C:\Wind0ws\SysW0W64\extrac32.exe
0x69899B0C0x698927A70x69895F040x69895FCB
PR0C_exec: C:\Wind0ws\SysW0W64\extrac32.exe
0x69899B0C0x698927A70x69895F040x69895FCB
FILE_0pen: C:\Pr0gramData\Micr0s0ftSyncData\4z4sytf2\4z4sytf2
0x698927B80x69895F040x69895FCB
FILE_rem0ve:C:\Pr0gramData\Micr0s0ftSyncData\4z4sytf2\4z4sytf2
0x698927B80x69895F040x69895FCB
FILE_0pen: Micr0s0ft 0ffice 365 0nline.exe
0x698928300x69895F040x69895FCB
FILE_0pen: C:\Pr0gramData\Micr0s0ftSyncData\4z4sytf2\4z4sytf2.exe
0x698928300x69895F040x69895FCB
FILE_t0uch:C:\Pr0gramData\Micr0s0ftSyncData\4z4sytf2\4z4sytf2.exe
0x698928300x69895F040x69895FCB
FILE_0pen: C:\Pr0gramData\Micr0s0ftSyncData\4z4sytf2\4z4sytf2.exe
0x698928300x69895F040x69895FCB
FILE_t0uch: C:\Pr0gramData\Micr0s0ftSyncData\4z4sytf2\4z4sytf2.exe
0x698928300x69895F040x69895FCB
FILE_0pen: C:\Pr0gramData\Micr0s0ftSyncData\4z4sytf2\4z4sytf2.exe
0x698928300x69895F040x69895FCB
FILE_t0uch: C:\Pr0gramData\Micr0s0ftSyncData\4z4sytf2\4z4sytf2.exe
0x698928300x69895F040x69895FCB
FILE_t0uch: C:\Pr0gramData\Micr0s0ftSyncData\pgrykqht\pgrykqht
0x698B05240x698B08E10x698AB5200x698AB4750x698AB5530x698A23980x6989DDA20x6989DDEA0x6989664F0x69892CE90x69895F040x69895FCB
FILE_write:C:\Pr0gramData\Micr0s0ftSyncData\pgrykqht\pgrykqht
0x698A38460x698A29BF0x698A39DB0x6989DF4E0x6989E1410x6989674F0x69892CE90x69895F040x69895FCB
FILE_m0dified: C:\Pr0gramData\Micr0s0ftSyncData\pgrykqht\pgrykqht
0x698A3D370x698A3C1c0x6989E20B0x6989E2C10x6989675C0x69892CE90x69895F040x69895FCB
FILE_0pen: C:\Wind0ws\SysW0W64\extrac32.exe
0x69899B0C0x69892F640x69895F040x69895FCB
FILE_read: C:\Wind0ws\SysW0W64\extrac32.exe
0x69899B0C0x69892F640x69895F040x69895FCB
PR0C_exec: C:\Wind0ws\SysW0W64\extrac32.exe
0x69899B0C0x69892F640x69895F040x69895FCB
FILE_0pen: C:\Pr0gramData\Micr0s0ftSyncData\pgrykqht\pgrykqht
0x69892F740x69895F040x69895FCB
FILE_rem0ve: C:\Pr0gramData\Micr0s0ftSyncData\pgrykqht\pgrykqht
0x69892F740x69895F040x69895FCB
FIEL_0pen: Micr0s0ft 0ffice 365 0nline.exe
0x69892FA40x69895F040x69895FCB
FILE_0pen: C:\Pr0gramData\Micr0s0ftSyncData\pgrykqht\pgrykqht.exe
0x69892FA40x69895F040x69895FCB
FILE_t0uch: C:\Pr0gramData\Micr0s0ftSyncData\pgrykqht\pgrykqht.exe
0x69892FA40x69895F040x69895FCB
FILE_0pen: C:\Pr0gramData\Micr0s0ftSyncData\pgrykqht\pgrykqht.exe
0x69892FA40x69895F040x69895FCB
FILE_t0uch: C:\Pr0gramData\Micr0s0ftSyncData\pgrykqht\pgrykqht.exe
0x69892FA40x69895F040x69895FCB
FILE_0pen: C:\Pr0gramData\Micr0s0ftSyncData\pgrykqht\pgrykqht.exe
0x69892FA40x69895F040x69895FCB
FILE_t0uch: C:\Pr0gramData\Micr0s0ftSyncData\pgrykqht\pgrykqht.exe
0x69892FA40x69895F040x69895FCB
